<?xml version="1.0" encoding="UTF-8"?>
<testng-results ignored="0" total="2" passed="2" failed="0" skipped="0">
  <reporter-output>
  </reporter-output>
  <suite started-at="2023-04-28T10:55:44 EDT" name="Parallel" finished-at="2023-04-28T10:56:07 EDT" duration-ms="23226">
    <groups>
    </groups>
    <test started-at="2023-04-28T10:55:44 EDT" name="login" finished-at="2023-04-28T10:56:07 EDT" duration-ms="23226">
      <class name="tests.LoginTestFirefox">
        <test-method is-config="true" signature="beforeMethod()[pri:0, instance:tests.LoginTestFirefox@4b0d79fc]" started-at="2023-04-28T10:55:44 EDT" name="beforeMethod" finished-at="2023-04-28T10:56:01 EDT" duration-ms="17164" status="PASS">
          <reporter-output>
          </reporter-output>
        </test-method> <!-- beforeMethod -->
        <test-method signature="logintoSFDC()[pri:0, instance:tests.LoginTestFirefox@4b0d79fc]" started-at="2023-04-28T10:56:01 EDT" name="logintoSFDC" finished-at="2023-04-28T10:56:04 EDT" duration-ms="3116" status="PASS">
          <reporter-output>
          </reporter-output>
        </test-method> <!-- logintoSFDC -->
      </class> <!-- tests.LoginTestFirefox -->
      <class name="tests.LoginTestChrome">
        <test-method is-config="true" signature="beforeMethod()[pri:0, instance:tests.LoginTestChrome@d5b810e]" started-at="2023-04-28T10:55:44 EDT" name="beforeMethod" finished-at="2023-04-28T10:55:55 EDT" duration-ms="10439" status="PASS">
          <reporter-output>
          </reporter-output>
        </test-method> <!-- beforeMethod -->
        <test-method signature="logintoSFDC()[pri:0, instance:tests.LoginTestChrome@d5b810e]" started-at="2023-04-28T10:55:55 EDT" name="logintoSFDC" finished-at="2023-04-28T10:56:07 EDT" duration-ms="12591" status="PASS">
          <reporter-output>
          </reporter-output>
        </test-method> <!-- logintoSFDC -->
      </class> <!-- tests.LoginTestChrome -->
    </test> <!-- login -->
  </suite> <!-- Parallel -->
</testng-results>
