<?xml version="1.0" encoding="UTF-8"?>
<testsuite xmlns:xsi="http://www.w3.org/2001/XMLSchema-instance" xsi:noNamespaceSchemaLocation="https://maven.apache.org/surefire/maven-surefire-plugin/xsd/surefire-test-report-3.0.xsd" version="3.0" name="TestSuite" time="8.482" tests="2" errors="0" skipped="0" failures="0">
  <properties>
[...]
</properties>
  <testcase name="logintoSFDC" classname="tests.LoginTest" time="0.96">
    <system-err><![CDATA[SLF4J: No SLF4J providers were found.
SLF4J: Defaulting to no-operation (NOP) logger implementation
SLF4J: See https://www.slf4j.org/codes.html#noProviders for further details.
Sta1r6t8in2g7 19C3h0r8o1m9e7D	rgievecrk o1dr1i2v.e0r.	5I6N1FO5.	L4i9s t(ebndi2nag7 bocnb 818217.c01.01e.81c:f3e43404778
709382934e3916914-refs/branch-heads/5615@{#936}) on port 60774
Only local connections are allowed.
Please see https://chromedriver.chromium.org/security-considerations for suggestions on keeping ChromeDriver safe.
ChromeDriver was started successfully.
1682719308485	mozrunner::runner	INFO	Running command: "C:\\Program Files\\Mozilla Firefox\\firefox.exe" "--marionette" "-no-remote" "-profile" "C:\\Users\\vemur\\AppData\\Local\\Temp\\rust_mozprofile107GVC"
console.warn: services.settings: Ignoring preference override of remote settings server
console.warn: services.settings: Allow by setting MOZ_REMOTE_SETTINGS_DEVTOOLS=1 in the environment
Apr 28, 2023 6:01:49 PM org.openqa.selenium.remote.ProtocolHandshake createSession
INFO: Detected dialect: W3C
1682719309478	Marionette	INFO	Marionette enabled
Dynamically enable window occlusion 0
1682719309500	Marionette	INFO	Listening on port 59921
Read port: 59921
1682719309992	RemoteAgent	WARN	TLS certificate errors will be ignored for this session
]]></system-err>
  </testcase>
  <testcase name="logintoSFDC" classname="tests.LoginTest" time="1.788">
    <system-err><![CDATA[console.warn: SearchSettings: "get: No settings file exists, new profile?" (new NotFoundError("Could not open the file at C:\\Users\\vemur\\AppData\\Local\\Temp\\rust_mozprofile107GVC\\search.json.mozlz4", (void 0)))
Apr 28, 2023 6:01:52 PM org.openqa.selenium.remote.ProtocolHandshake createSession
INFO: Detected dialect: W3C
console.warn: LoginRecipes: "Falling back to a synchronous message for: https://login.salesforce.com."
console.warn: LoginRecipes: "Falling back to a synchronous message for: https://login.salesforce.com."
]]></system-err>
  </testcase>
</testsuite>