<?xml version="1.0" encoding="UTF-8"?>
<testng-results ignored="0" total="2" passed="2" failed="0" skipped="0">
  <reporter-output>
  </reporter-output>
  <suite started-at="2023-04-28T18:01:47 EDT" name="crossbrowser" finished-at="2023-04-28T18:01:55 EDT" duration-ms="7795">
    <groups>
    </groups>
    <test started-at="2023-04-28T18:01:47 EDT" name="loginChrome" finished-at="2023-04-28T18:01:51 EDT" duration-ms="3876">
      <class name="tests.LoginTest">
        <test-method is-config="true" signature="beforeMethod(java.lang.String)[pri:0, instance:tests.LoginTest@54bff557]" started-at="2023-04-28T18:01:47 EDT" name="beforeMethod" finished-at="2023-04-28T18:01:50 EDT" duration-ms="2863" status="PASS">
          <params>
            <param index="0">
              <value>
                <![CDATA[Chrome]]>
              </value>
            </param>
          </params>
          <reporter-output>
          </reporter-output>
        </test-method> <!-- beforeMethod -->
        <test-method signature="logintoSFDC()[pri:0, instance:tests.LoginTest@54bff557]" started-at="2023-04-28T18:01:50 EDT" name="logintoSFDC" finished-at="2023-04-28T18:01:51 EDT" duration-ms="957" status="PASS">
          <reporter-output>
          </reporter-output>
        </test-method> <!-- logintoSFDC -->
      </class> <!-- tests.LoginTest -->
    </test> <!-- loginChrome -->
    <test started-at="2023-04-28T18:01:47 EDT" name="loginFirefox" finished-at="2023-04-28T18:01:55 EDT" duration-ms="7795">
      <class name="tests.LoginTest">
        <test-method is-config="true" signature="beforeMethod(java.lang.String)[pri:0, instance:tests.LoginTest@1e0b4072]" started-at="2023-04-28T18:01:47 EDT" name="beforeMethod" finished-at="2023-04-28T18:01:53 EDT" duration-ms="5961" status="PASS">
          <params>
            <param index="0">
              <value>
                <![CDATA[Firefox]]>
              </value>
            </param>
          </params>
          <reporter-output>
          </reporter-output>
        </test-method> <!-- beforeMethod -->
        <test-method signature="logintoSFDC()[pri:0, instance:tests.LoginTest@1e0b4072]" started-at="2023-04-28T18:01:53 EDT" name="logintoSFDC" finished-at="2023-04-28T18:01:55 EDT" duration-ms="1788" status="PASS">
          <reporter-output>
          </reporter-output>
        </test-method> <!-- logintoSFDC -->
      </class> <!-- tests.LoginTest -->
    </test> <!-- loginFirefox -->
  </suite> <!-- crossbrowser -->
</testng-results>
