<?xml version="1.0" encoding="UTF-8"?>
<testng-results ignored="0" total="1" passed="1" failed="0" skipped="0">
  <reporter-output>
  </reporter-output>
  <suite started-at="2023-04-28T17:48:57 EDT" name="Default suite" finished-at="2023-04-28T17:49:04 EDT" duration-ms="6897">
    <groups>
    </groups>
    <test started-at="2023-04-28T17:48:57 EDT" name="Default test" finished-at="2023-04-28T17:49:04 EDT" duration-ms="6897">
      <class name="tests.LoginTestFirefox">
        <test-method is-config="true" signature="beforeMethod()[pri:0, instance:tests.LoginTestFirefox@2ea41516]" started-at="2023-04-28T17:48:57 EDT" name="beforeMethod" finished-at="2023-04-28T17:49:02 EDT" duration-ms="4844" status="PASS">
          <reporter-output>
          </reporter-output>
        </test-method> <!-- beforeMethod -->
        <test-method signature="logintoSFDC()[pri:0, instance:tests.LoginTestFirefox@2ea41516]" started-at="2023-04-28T17:49:02 EDT" name="logintoSFDC" finished-at="2023-04-28T17:49:04 EDT" duration-ms="1981" status="PASS">
          <reporter-output>
          </reporter-output>
        </test-method> <!-- logintoSFDC -->
      </class> <!-- tests.LoginTestFirefox -->
    </test> <!-- Default test -->
  </suite> <!-- Default suite -->
</testng-results>
