<?xml version="1.0" encoding="UTF-8"?>
<testng-results ignored="0" total="2" passed="2" failed="0" skipped="0">
  <reporter-output>
  </reporter-output>
  <suite started-at="2023-04-28T10:48:30 EDT" name="Parallel" finished-at="2023-04-28T10:48:38 EDT" duration-ms="8462">
    <groups>
    </groups>
    <test started-at="2023-04-28T10:48:30 EDT" name="login" finished-at="2023-04-28T10:48:38 EDT" duration-ms="8462">
      <class name="tests.LoginTestFirefox">
        <test-method is-config="true" signature="beforeMethod()[pri:0, instance:tests.LoginTestFirefox@1ed6388a]" started-at="2023-04-28T10:48:30 EDT" name="beforeMethod" finished-at="2023-04-28T10:48:37 EDT" duration-ms="6602" status="PASS">
          <reporter-output>
          </reporter-output>
        </test-method> <!-- beforeMethod -->
        <test-method signature="logintoSFDC()[pri:0, instance:tests.LoginTestFirefox@1ed6388a]" started-at="2023-04-28T10:48:37 EDT" name="logintoSFDC" finished-at="2023-04-28T10:48:38 EDT" duration-ms="1797" status="PASS">
          <reporter-output>
          </reporter-output>
        </test-method> <!-- logintoSFDC -->
      </class> <!-- tests.LoginTestFirefox -->
      <class name="tests.LoginTestChrome">
        <test-method is-config="true" signature="beforeMethod()[pri:0, instance:tests.LoginTestChrome@3e11f9e9]" started-at="2023-04-28T10:48:30 EDT" name="beforeMethod" finished-at="2023-04-28T10:48:33 EDT" duration-ms="2721" status="PASS">
          <reporter-output>
          </reporter-output>
        </test-method> <!-- beforeMethod -->
        <test-method signature="logintoSFDC()[pri:0, instance:tests.LoginTestChrome@3e11f9e9]" started-at="2023-04-28T10:48:33 EDT" name="logintoSFDC" finished-at="2023-04-28T10:48:36 EDT" duration-ms="3290" status="PASS">
          <reporter-output>
          </reporter-output>
        </test-method> <!-- logintoSFDC -->
      </class> <!-- tests.LoginTestChrome -->
    </test> <!-- login -->
  </suite> <!-- Parallel -->
</testng-results>
